
Showing logs for build [32mcb-kubecd-environment-pr-191-12-fm5xt-1[0m stage [32mfrom-build-pack[0m and container [32mstep-credential-initializer-fc299[0m
{"level":"warn","ts":1585503776.1808157,"logger":"fallback-logger","caller":"logging/config.go:69","msg":"Fetch GitHub commit ID from kodata failed: \"ref: refs/heads/0.8.0-**-support-backwards-incompats\" is not a valid GitHub commit ID"}
{"level":"info","ts":1585503776.1816518,"logger":"fallback-logger","caller":"creds-init/main.go:40","msg":"Credentials initialized."}

Showing logs for build [32mcb-kubecd-environment-pr-191-12-fm5xt-1[0m stage [32mfrom-build-pack[0m and container [32mstep-working-dir-initializer-lkb2n[0m
{"level":"warn","ts":1585503777.18346,"logger":"fallback-logger","caller":"logging/config.go:69","msg":"Fetch GitHub commit ID from kodata failed: open /var/run/ko/HEAD: no such file or directory"}
{"level":"info","ts":1585503777.1858091,"logger":"fallback-logger","caller":"bash/main.go:64","msg":"Successfully executed command \"sh -c mkdir -p /workspace/source\"; output "}

Showing logs for build [32mcb-kubecd-environment-pr-191-12-fm5xt-1[0m stage [32mfrom-build-pack[0m and container [32mstep-place-tools[0m

Showing logs for build [32mcb-kubecd-environment-pr-191-12-fm5xt-1[0m stage [32mfrom-build-pack[0m and container [32mstep-git-source-cb-kubecd-environment-pr-191-12-fm5xt-twxbj[0m
{"level":"warn","ts":1585503780.3289528,"logger":"fallback-logger","caller":"logging/config.go:69","msg":"Fetch GitHub commit ID from kodata failed: \"ref: refs/heads/0.8.0-**-support-backwards-incompats\" is not a valid GitHub commit ID"}
{"level":"info","ts":1585503781.435664,"logger":"fallback-logger","caller":"git/git.go:103","msg":"Successfully cloned https://github.com/cb-kubecd/environment-pr-191-126-boot-vault-gke-staging.git @ master in path /workspace/source"}

Showing logs for build [32mcb-kubecd-environment-pr-191-12-fm5xt-1[0m stage [32mfrom-build-pack[0m and container [32mstep-git-merge[0m
Using SHAs from PULL_REFS=master:81801cf8a2abc675701f2c69306f2b6c66f9c350,4:2b615a0aaee83d5dcd91cd751b41fa93e2581f20
DEBUG: LC_ALL=C JX_LOG_LEVEL=error git fetch origin --unshallow 2b615a0aaee83d5dcd91cd751b41fa93e2581f20: 81801cf8a2abc675701f2c69306f2b6c66f9c350:
DEBUG: ran git fetch --unshallow origin 2b615a0aaee83d5dcd91cd751b41fa93e2581f20: 81801cf8a2abc675701f2c69306f2b6c66f9c350: in 
DEBUG: JX_LOG_LEVEL=error LC_ALL=C git branch
DEBUG: LC_ALL=C JX_LOG_LEVEL=error git checkout master
DEBUG: ran git checkout master in 
DEBUG: LC_ALL=C JX_LOG_LEVEL=error git reset --hard 81801cf8a2abc675701f2c69306f2b6c66f9c350
DEBUG: ran git reset --hard 81801cf8a2abc675701f2c69306f2b6c66f9c350 in 
DEBUG: JX_LOG_LEVEL=error LC_ALL=C git clean -fd .
DEBUG: ran clean --force -d . in 
DEBUG: LC_ALL=C JX_LOG_LEVEL=error git merge 2b615a0aaee83d5dcd91cd751b41fa93e2581f20
DEBUG: ran git merge 2b615a0aaee83d5dcd91cd751b41fa93e2581f20 in 
DEBUG: LC_ALL=C JX_LOG_LEVEL=error git log --format=%H%x1f%an%x1f%ae%x1f%cn%x1f%ce%x1f%s%n%b%x1e 81801cf8a2abc675701f2c69306f2b6c66f9c350..HEAD
Merged SHA 2b615a0aaee83d5dcd91cd751b41fa93e2581f20 with commit message 'chore: Promote bdd-nh-1585501347 to version 0.0.1' into base branch master

Showing logs for build [32mcb-kubecd-environment-pr-191-12-fm5xt-1[0m stage [32mfrom-build-pack[0m and container [32mstep-build-helm-build[0m
WARNING: No $CHART_REPOSITORY defined so using the default value of: http://jenkins-x-chartmuseum:8080
Adding missing Helm repo: storage.googleapis.com https://storage.googleapis.com/chartmuseum.jenkins-x.io
WARNING: No secrets found on "helm/repos" due: reading the secret "helm/repos" from vault: no secret "helm/repos" not found in vault
Read credentials for https://storage.googleapis.com/chartmuseum.jenkins-x.io from vault helm/repos
Successfully added Helm repository storage.googleapis.com.
Adding missing Helm repo: jenkins-x-chartmuseum http://jenkins-x-chartmuseum:8080
WARNING: No secrets found on "helm/repos" due: reading the secret "helm/repos" from vault: no secret "helm/repos" not found in vault
Read credentials for http://jenkins-x-chartmuseum:8080 from vault helm/repos
Successfully added Helm repository jenkins-x-chartmuseum.
WARNING: No $CHART_REPOSITORY defined so using the default value of: http://jenkins-x-chartmuseum:8080
Adding missing Helm repo: chartmuseum.jenkins-x.io http://chartmuseum.jenkins-x.io
WARNING: No secrets found on "helm/repos" due: reading the secret "helm/repos" from vault: no secret "helm/repos" not found in vault
Read credentials for http://chartmuseum.jenkins-x.io from vault helm/repos
Successfully added Helm repository chartmuseum.jenkins-x.io.
